<testsuites id="" name="" tests="1" failures="1" skipped="0" errors="0" time="18.524895">
<testsuite name="ui/e2e-banking-journey.spec.ts" timestamp="2026-03-30T12:35:08.015Z" hostname="chromium" tests="1" failures="1" skipped="0" time="17.273" errors="0">
<testcase name="Complete banking journey - User opens account, transfers funds, and pays bills" classname="ui/e2e-banking-journey.spec.ts" time="17.273">
<failure message="e2e-banking-journey.spec.ts:13:1 Complete banking journey - User opens account, transfers funds, and pays bills" type="FAILURE">
<![CDATA[  [chromium] › ui/e2e-banking-journey.spec.ts:13:1 › Complete banking journey - User opens account, transfers funds, and pays bills 

    Error: Registration failed with errors: This username already exists.

    expect(received).toHaveLength(expected)

    Expected length: 0
    Received length: 1
    Received array:  ["This username already exists."]

      32 |
      33 |   const errors = await regPage.getAllErrors();
    > 34 |   expect(errors, `Registration failed with errors: ${errors.join(', ')}`).toHaveLength(0);
         |                                                                           ^
      35 |
      36 |   const successTitle = await regPage.getSuccessMessage();
      37 |   expect(successTitle).toContain(`Welcome ${testContext.getUser()!.username}`);
        at /Users/rupeshkumar/workspace/fabric-group/tests/ui/e2e-banking-journey.spec.ts:34:75

    attachment #1: screenshot (image/png) ──────────────────────────────────────────────────────────
    ../test-output/artifacts/ui-e2e-banking-journey-Com-58b3d-nsfers-funds-and-pays-bills-chromium/test-failed-1.png
    ────────────────────────────────────────────────────────────────────────────────────────────────

    attachment #2: video (video/webm) ──────────────────────────────────────────────────────────────
    ../test-output/artifacts/ui-e2e-banking-journey-Com-58b3d-nsfers-funds-and-pays-bills-chromium/video.webm
    ────────────────────────────────────────────────────────────────────────────────────────────────

    Error Context: ../test-output/artifacts/ui-e2e-banking-journey-Com-58b3d-nsfers-funds-and-pays-bills-chromium/error-context.md
]]>
</failure>
<system-out>
<![CDATA[
[[ATTACHMENT|../artifacts/ui-e2e-banking-journey-Com-58b3d-nsfers-funds-and-pays-bills-chromium/test-failed-1.png]]

[[ATTACHMENT|../artifacts/ui-e2e-banking-journey-Com-58b3d-nsfers-funds-and-pays-bills-chromium/video.webm]]

[[ATTACHMENT|../artifacts/ui-e2e-banking-journey-Com-58b3d-nsfers-funds-and-pays-bills-chromium/error-context.md]]
]]>
</system-out>
</testcase>
</testsuite>
</testsuites>